<?xml version="1.0" encoding="UTF-8"?>
<!-- Generated by org.testng.reporters.JUnitReportReporter -->
<testsuite skipped="0" hostname="DESKTOP-7IHME2E" name="com.k2js.mavenbasicfw.testscripts.TestRunner" tests="2" failures="0" timestamp="2020-03-06T18:48:44 IST" time="28.828" errors="0">
  <testcase name="verifyHomePageTitle" time="15.426" classname="com.k2js.mavenbasicfw.testscripts.TestRunner"/>
  <system-out/>
  <testcase name="verifyConfirmationMessage" time="13.402" classname="com.k2js.mavenbasicfw.testscripts.TestRunner"/>
  <system-out/>
</testsuite> <!-- com.k2js.mavenbasicfw.testscripts.TestRunner -->
