<?xml version="1.0" encoding="UTF-8"?>
<testsuite name="TestSuite" time="42.175" tests="3" errors="0" skipped="0" failures="0">
  <properties>
    <property name="java.vendor" value="Oracle Corporation"/>
    <property name="JOB_NAME" value="jenkins_integration_selenium"/>
    <property name="sun.java.launcher" value="SUN_STANDARD"/>
    <property name="NUMBER_OF_PROCESSORS" value="4"/>
    <property name="sun.management.compiler" value="HotSpot 64-Bit Tiered Compilers"/>
    <property name="JENKINS_HOME" value="C:\Users\Win10\.jenkins"/>
    <property name="FPS_BROWSER_USER_PROFILE_STRING" value="Default"/>
    <property name="HUDSON_SERVER_COOKIE" value="469bd9b195469eda"/>
    <property name="POM_ARTIFACTID" value="mavenvasicfw"/>
    <property name="os.name" value="Windows 10"/>
    <property name="sun.boot.class.path" value="F:\SeleniumTrainingByJitendra\Tools\Java\jdk1.8.0_152\jre\lib\resources.jar;F:\SeleniumTrainingByJitendra\Tools\Java\jdk1.8.0_152\jre\lib\rt.jar;F:\SeleniumTrainingByJitendra\Tools\Java\jdk1.8.0_152\jre\lib\sunrsasign.jar;F:\SeleniumTrainingByJitendra\Tools\Java\jdk1.8.0_152\jre\lib\jsse.jar;F:\SeleniumTrainingByJitendra\Tools\Java\jdk1.8.0_152\jre\lib\jce.jar;F:\SeleniumTrainingByJitendra\Tools\Java\jdk1.8.0_152\jre\lib\charsets.jar;F:\SeleniumTrainingByJitendra\Tools\Java\jdk1.8.0_152\jre\lib\jfr.jar;F:\SeleniumTrainingByJitendra\Tools\Java\jdk1.8.0_152\jre\classes"/>
    <property name="EXECUTOR_NUMBER" value="1"/>
    <property name="sun.desktop" value="windows"/>
    <property name="PATHEXT" value=".COM;.EXE;.BAT;.CMD;.VBS;.VBE;.JS;.JSE;.WSF;.WSH;.MSC;.RB;.RBW"/>
    <property name="java.vm.specification.vendor" value="Oracle Corporation"/>
    <property name="POM_DISPLAYNAME" value="mavenvasicfw"/>
    <property name="NODE_LABELS" value="master"/>
    <property name="TEMP" value="C:\Users\Win10\AppData\Local\Temp"/>
    <property name="java.runtime.version" value="1.8.0_152-b16"/>
    <property name="FPS_BROWSER_APP_PROFILE_STRING" value="Internet Explorer"/>
    <property name="user.name" value="Win10"/>
    <property name="RubyMine" value="C:\Program Files\JetBrains\RubyMine 2019.1\bin;"/>
    <property name="guice.disable.misplaced.annotation.check" value="true"/>
    <property name="CommonProgramW6432" value="C:\Program Files\Common Files"/>
    <property name="ProgramFiles" value="C:\Program Files"/>
    <property name="PROMPT" value="$P$G"/>
    <property name="user.language" value="en"/>
    <property name="JOB_BASE_NAME" value="jenkins_integration_selenium"/>
    <property name="RUN_CHANGES_DISPLAY_URL" value="http://localhost:8080/job/jenkins_integration_selenium/3/display/redirect?page=changes"/>
    <property name="BUILD_DISPLAY_NAME" value="#3"/>
    <property name="OneDrive" value="C:\Users\Win10\OneDrive"/>
    <property name="sun.boot.library.path" value="F:\SeleniumTrainingByJitendra\Tools\Java\jdk1.8.0_152\jre\bin"/>
    <property name="PROG27B48B2C050" value="1"/>
    <property name="LOCALAPPDATA" value="C:\Users\Win10\AppData\Local"/>
    <property name="java.version" value="1.8.0_152"/>
    <property name="PROCESSOR_LEVEL" value="6"/>
    <property name="user.timezone" value="Asia/Colombo"/>
    <property name="USERNAME" value="Win10"/>
    <property name="sun.arch.data.model" value="64"/>
    <property name="NODE_NAME" value="master"/>
    <property name="java.endorsed.dirs" value="F:\SeleniumTrainingByJitendra\Tools\Java\jdk1.8.0_152\jre\lib\endorsed"/>
    <property name="BUILD_ID" value="3"/>
    <property name="sun.cpu.isalist" value="amd64"/>
    <property name="sun.jnu.encoding" value="Cp1252"/>
    <property name="file.encoding.pkg" value="sun.io"/>
    <property name="file.separator" value="\"/>
    <property name="java.specification.name" value="Java Platform API Specification"/>
    <property name="HOMEDRIVE" value="C:"/>
    <property name="maven.conf" value="C:\Users\Win10\.jenkins\tools\hudson.tasks.Maven_MavenInstallation\maven_project1\conf"/>
    <property name="java.class.version" value="52.0"/>
    <property name="=::" value="::\"/>
    <property name="org.slf4j.simpleLogger.defaultLogLevel" value="info"/>
    <property name="user.country" value="US"/>
    <property name="ALLUSERSPROFILE" value="C:\ProgramData"/>
    <property name="java.home" value="F:\SeleniumTrainingByJitendra\Tools\Java\jdk1.8.0_152\jre"/>
    <property name="java.vm.info" value="mixed mode"/>
    <property name="os.version" value="10.0"/>
    <property name="=F:" value="F:\jenkins"/>
    <property name="RUN_DISPLAY_URL" value="http://localhost:8080/job/jenkins_integration_selenium/3/display/redirect"/>
    <property name="POM_VERSION" value="0.0.1-SNAPSHOT"/>
    <property name="TMP" value="C:\Users\Win10\AppData\Local\Temp"/>
    <property name="path.separator" value=";"/>
    <property name="java.vm.version" value="25.152-b16"/>
    <property name="user.variant" value=""/>
    <property name="JOB_DISPLAY_URL" value="http://localhost:8080/job/jenkins_integration_selenium/display/redirect"/>
    <property name="CommonProgramFiles(x86)" value="C:\Program Files (x86)\Common Files"/>
    <property name="USERDOMAIN_ROAMINGPROFILE" value="DESKTOP-7IHME2E"/>
    <property name="java.awt.printerjob" value="sun.awt.windows.WPrinterJob"/>
    <property name="JAVA_HOME" value="F:\SeleniumTrainingByJitendra\Tools\Java\jdk1.8.0_152"/>
    <property name="sun.io.unicode.encoding" value="UnicodeLittle"/>
    <property name="CommonProgramFiles" value="C:\Program Files\Common Files"/>
    <property name="ComSpec" value="C:\Windows\system32\cmd.exe"/>
    <property name="awt.toolkit" value="sun.awt.windows.WToolkit"/>
    <property name="HOMEPATH" value="\Users\Win10"/>
    <property name="POM_PACKAGING" value="jar"/>
    <property name="user.script" value=""/>
    <property name="COMPUTERNAME" value="DESKTOP-7IHME2E"/>
    <property name="POM_GROUPID" value="com.k2js"/>
    <property name="user.home" value="C:\Users\Win10"/>
    <property name="PUBLIC" value="C:\Users\Public"/>
    <property name="BUILD_TAG" value="jenkins-jenkins_integration_selenium-3"/>
    <property name="JENKINS_SERVER_COOKIE" value="469bd9b195469eda"/>
    <property name="HUDSON_URL" value="http://localhost:8080/"/>
    <property name="ProgramData" value="C:\ProgramData"/>
    <property name="java.specification.vendor" value="Oracle Corporation"/>
    <property name="USERPROFILE" value="C:\Users\Win10"/>
    <property name="CLASSPATH" value=""/>
    <property name="java.vendor.url" value="http://java.oracle.com/"/>
    <property name="java.library.path" value="F:\SeleniumTrainingByJitendra\Tools\Java\jdk1.8.0_152\bin;C:\Windows\Sun\Java\bin;C:\Windows\system32;C:\Windows;C:\Users\Win10\.jenkins\tools\hudson.tasks.Maven_MavenInstallation\maven_project1/bin;C:\Windows\system32;C:\Windows;C:\Windows\System32\Wbem;C:\Windows\System32\WindowsPowerShell\v1.0\;C:\Program Files\Git\cmd;C:\Program Files\PuTTY\;C:\Program Files\Amazon\AWSCLIV2DevPreview\;C:\Ruby26-x64\bin;C:\Program Files\JetBrains\RubyMine 2019.1\bin;;F:\SeleniumTrainingByJitendra\Tools\Java\jdk1.8.0_152\bin;F:\SeleniumTrainingByJitendra\Downloads\SeleniumSoftwares3.141.59\apache-maven-3.6.3-bin\apache-maven-3.6.3\bin;."/>
    <property name="java.vm.vendor" value="Oracle Corporation"/>
    <property name="APPDATA" value="C:\Users\Win10\AppData\Roaming"/>
    <property name="java.runtime.name" value="Java(TM) SE Runtime Environment"/>
    <property name="maven.home" value="C:\Users\Win10\.jenkins\tools\hudson.tasks.Maven_MavenInstallation\maven_project1"/>
    <property name="java.class.path" value="C:\Users\Win10\.jenkins\plugins\maven-plugin\WEB-INF\lib\maven35-agent-1.13.jar;C:\Users\Win10\.jenkins\tools\hudson.tasks.Maven_MavenInstallation\maven_project1\boot\plexus-classworlds-2.6.0.jar;C:\Users\Win10\.jenkins\tools\hudson.tasks.Maven_MavenInstallation\maven_project1/conf/logging"/>
    <property name="sun.java.command" value="jenkins.maven3.agent.Maven35Main C:\Users\Win10\.jenkins\tools\hudson.tasks.Maven_MavenInstallation\maven_project1 C:\Users\Win10\.jenkins\war\WEB-INF\lib\remoting-3.36.1.jar C:\Users\Win10\.jenkins\plugins\maven-plugin\WEB-INF\lib\maven35-interceptor-1.13.jar C:\Users\Win10\.jenkins\plugins\maven-plugin\WEB-INF\lib\maven3-interceptor-commons-1.13.jar 55046"/>
    <property name="Path" value="C:\Windows\system32;C:\Windows;C:\Windows\System32\Wbem;C:\Windows\System32\WindowsPowerShell\v1.0\;C:\Program Files\Git\cmd;C:\Program Files\PuTTY\;C:\Program Files\Amazon\AWSCLIV2DevPreview\;C:\Ruby26-x64\bin;C:\Program Files\JetBrains\RubyMine 2019.1\bin;;F:\SeleniumTrainingByJitendra\Tools\Java\jdk1.8.0_152\bin;F:\SeleniumTrainingByJitendra\Downloads\SeleniumSoftwares3.141.59\apache-maven-3.6.3-bin\apache-maven-3.6.3\bin"/>
    <property name="java.vm.specification.name" value="Java Virtual Machine Specification"/>
    <property name="PROCESSOR_ARCHITECTURE" value="AMD64"/>
    <property name="PROCESSOR_IDENTIFIER" value="Intel64 Family 6 Model 58 Stepping 9, GenuineIntel"/>
    <property name="SESSIONNAME" value="Console"/>
    <property name="java.vm.specification.version" value="1.8"/>
    <property name="sun.os.patch.level" value=""/>
    <property name="sun.cpu.endian" value="little"/>
    <property name="M2_HOME" value="C:\Users\Win10\.jenkins\tools\hudson.tasks.Maven_MavenInstallation\maven_project1"/>
    <property name="java.io.tmpdir" value="C:\Users\Win10\AppData\Local\Temp\"/>
    <property name="OS" value="Windows_NT"/>
    <property name="HUDSON_HOME" value="C:\Users\Win10\.jenkins"/>
    <property name="PATH+MAVEN" value="C:\Users\Win10\.jenkins\tools\hudson.tasks.Maven_MavenInstallation\maven_project1/bin"/>
    <property name="ProgramFiles(x86)" value="C:\Program Files (x86)"/>
    <property name="BUILD_URL" value="http://localhost:8080/job/jenkins_integration_selenium/3/"/>
    <property name="java.vendor.url.bug" value="http://bugreport.sun.com/bugreport/"/>
    <property name="java.awt.graphicsenv" value="sun.awt.Win32GraphicsEnvironment"/>
    <property name="os.arch" value="amd64"/>
    <property name="SystemRoot" value="C:\Windows"/>
    <property name="java.ext.dirs" value="F:\SeleniumTrainingByJitendra\Tools\Java\jdk1.8.0_152\jre\lib\ext;C:\Windows\Sun\Java\lib\ext"/>
    <property name="user.dir" value="F:\SeleniumTrainingByJitendra\Practicals\SeleniumPracticals\mavenvasicfw"/>
    <property name="JOB_URL" value="http://localhost:8080/job/jenkins_integration_selenium/"/>
    <property name="LOGONSERVER" value="\\DESKTOP-7IHME2E"/>
    <property name="USERDOMAIN" value="DESKTOP-7IHME2E"/>
    <property name="line.separator" value="&#10;"/>
    <property name="MAVEN_HOME" value="C:\Users\Win10\.jenkins\tools\hudson.tasks.Maven_MavenInstallation\maven_project1"/>
    <property name="java.vm.name" value="Java HotSpot(TM) 64-Bit Server VM"/>
    <property name="BUILD_NUMBER" value="3"/>
    <property name="JENKINS_URL" value="http://localhost:8080/"/>
    <property name="PROCESSOR_REVISION" value="3a09"/>
    <property name="ProgramW6432" value="C:\Program Files"/>
    <property name="windir" value="C:\Windows"/>
    <property name="file.encoding" value="Cp1252"/>
    <property name="SystemDrive" value="C:"/>
    <property name="maven3.interceptor" value="C:\Users\Win10\.jenkins\plugins\maven-plugin\WEB-INF\lib\maven35-interceptor-1.13.jar"/>
    <property name="WORKSPACE" value="C:\Users\Win10\.jenkins\workspace\jenkins_integration_selenium"/>
    <property name="maven3.interceptor.common" value="C:\Users\Win10\.jenkins\plugins\maven-plugin\WEB-INF\lib\maven3-interceptor-commons-1.13.jar"/>
    <property name="java.specification.version" value="1.8"/>
    <property name="PSModulePath" value="C:\Windows\system32\WindowsPowerShell\v1.0\Modules\;C:\Program Files (x86)\AutoIt3\AutoItX"/>
  </properties>
  <testcase name="verifyHomePageTitle" classname="com.k2js.mavenbasicfw.testscripts.TestRunner" time="15.428"/>
  <testcase name="verifyConfirmationMessage" classname="com.k2js.mavenbasicfw.testscripts.TestRunner" time="13.402"/>
  <testcase name="verifyHeadings" classname="com.k2js.mavenbasicfw.testscripts.TestRunner2" time="13.345"/>
</testsuite>